
{"timestamp":"12:29:29.678","level":"INFO","message":"starting application ","data":{"config":{"Env":"local","GRPC":{"Port":44044,"Timeout":5000000000},"StoragePath":"C:\\Users\\makhkets\\GolandProjects\\sso\\sso\\storage\\sso.db","TokenTTL":3600000000000}}}
{"timestamp":"12:29:29.681","level":"INFO","message":"gRPC server is running ","data":{"addr":"[::]:44044"}}
{"timestamp":"12:12:12.811","level":"INFO","message":"attempting to change user permission ","data":{"op":"user.ChangePermission","settings permission":"Moderator","user_id":2}}
{"timestamp":"12:12:12.812","level":"DEBUG","message":"checking the access token for admin rights ","data":{"op":"user.ChangePermission","settings permission":"Moderator","user_id":2}}
{"timestamp":"12:17:17.738","level":"INFO","message":"starting application ","data":{"config":{"Env":"local","GRPC":{"Port":44044,"Timeout":5000000000},"StoragePath":"C:\\Users\\makhkets\\GolandProjects\\sso\\sso\\storage\\sso.db","TokenTTL":3600000000000}}}
{"timestamp":"12:17:17.741","level":"INFO","message":"gRPC server is running ","data":{"addr":"[::]:44044"}}
{"timestamp":"12:18:18.503","level":"INFO","message":"attempting to change user permission ","data":{"op":"user.ChangePermission","settings permission":"Moderator","user_id":2}}
{"timestamp":"12:18:18.536","level":"DEBUG","message":"checking the access token for admin rights ","data":{"op":"user.ChangePermission","settings permission":"Moderator","user_id":2}}
{"timestamp":"12:15:15.965","level":"INFO","message":"starting application ","data":{"config":{"Env":"local","GRPC":{"Port":44044,"Timeout":5000000000},"StoragePath":"C:\\Users\\makhkets\\GolandProjects\\sso\\sso\\storage\\sso.db","TokenTTL":3600000000000}}}
{"timestamp":"12:15:15.968","level":"INFO","message":"gRPC server is running ","data":{"addr":"[::]:44044"}}
{"timestamp":"13:34:34.914","level":"INFO","message":"attempting to change user permission ","data":{"op":"user.ChangePermission","settings permission":"Moderator","user_id":2}}
{"timestamp":"13:34:34.916","level":"DEBUG","message":"checking the access token for admin rights ","data":{"op":"user.ChangePermission","settings permission":"Moderator","user_id":2}}
{"timestamp":"13:24:24.867","level":"INFO","message":"starting application ","data":{"config":{"Env":"local","GRPC":{"Port":44044,"Timeout":5000000000},"StoragePath":"C:\\Users\\makhkets\\GolandProjects\\sso\\sso\\storage\\sso.db","TokenTTL":3600000000000}}}
{"timestamp":"13:24:24.873","level":"INFO","message":"gRPC server is running ","data":{"addr":"[::]:44044"}}
{"timestamp":"13:22:22.437","level":"INFO","message":"attempting to change user permission ","data":{"op":"user.ChangePermission","settings permission":"Moderator","user_id":2}}
{"timestamp":"13:23:23.160","level":"DEBUG","message":"checking the access token for admin rights ","data":{"op":"user.ChangePermission","settings permission":"Moderator","user_id":2}}
{"timestamp":"13:04:04.796","level":"INFO","message":"starting application ","data":{"config":{"Env":"local","GRPC":{"Port":44044,"Timeout":5000000000},"StoragePath":"C:\\Users\\makhkets\\GolandProjects\\sso\\sso\\storage\\sso.db","TokenTTL":3600000000000}}}
{"timestamp":"13:04:04.798","level":"INFO","message":"gRPC server is running ","data":{"addr":"[::]:44044"}}
{"timestamp":"13:37:37.530","level":"INFO","message":"attempting to change user permission ","data":{"op":"user.ChangePermission","settings permission":"Moderator","user_id":2}}
{"timestamp":"13:37:37.531","level":"DEBUG","message":"checking the access token for admin rights ","data":{"op":"user.ChangePermission","settings permission":"Moderator","user_id":2}}
{"timestamp":"12:38:38.596","level":"INFO","message":"starting application ","data":{"config":{"Env":"local","GRPC":{"Port":44044,"Timeout":5000000000},"StoragePath":"C:\\Users\\makhkets\\GolandProjects\\sso\\sso\\storage\\sso.db","TokenTTL":3600000000000}}}
{"timestamp":"12:38:38.598","level":"INFO","message":"gRPC server is running ","data":{"addr":"[::]:44044"}}
{"timestamp":"12:05:05.867","level":"INFO","message":"stopping application ","data":{"signal":"interrupt"}}
{"timestamp":"12:06:06.266","level":"INFO","message":"stopping gRPC server ","data":{"op":"grpcapp.Stop","port":44044}}
{"timestamp":"12:06:06.664","level":"INFO","message":"application stopped \n","data":{}}
{"timestamp":"09:00:00.547","level":"INFO","message":"starting application ","data":{"config":{"Env":"local","GRPC":{"Port":44044,"Timeout":5000000000},"StoragePath":"C:\\Users\\makhkets\\GolandProjects\\sso\\sso\\storage\\sso.db","TokenTTL":3600000000000}}}
{"timestamp":"09:00:00.555","level":"INFO","message":"gRPC server is running ","data":{"addr":"[::]:44044"}}
{"timestamp":"09:13:13.173","level":"INFO","message":"stopping application ","data":{"signal":"interrupt"}}
{"timestamp":"09:13:13.189","level":"INFO","message":"stopping gRPC server ","data":{"op":"grpcapp.Stop","port":44044}}
{"timestamp":"09:13:13.207","level":"INFO","message":"application stopped \n","data":{}}
{"timestamp":"09:50:50.600","level":"INFO","message":"starting application ","data":{"config":{"Env":"local","GRPC":{"Port":44044,"Timeout":5000000000},"StoragePath":"C:\\Users\\makhkets\\GolandProjects\\sso\\sso\\storage\\sso.db","TokenTTL":3600000000000}}}
{"timestamp":"09:50:50.603","level":"INFO","message":"gRPC server is running ","data":{"addr":"[::]:44044"}}
{"timestamp":"12:54:54.217","level":"INFO","message":"stopping application ","data":{"signal":"interrupt"}}
{"timestamp":"12:54:54.223","level":"INFO","message":"stopping gRPC server ","data":{"op":"grpcapp.Stop","port":44044}}
{"timestamp":"12:54:54.226","level":"INFO","message":"application stopped \n","data":{}}
{"timestamp":"14:23:23.448","level":"INFO","message":"starting application ","data":{"config":{"Env":"local","GRPC":{"Port":44044,"Timeout":5000000000},"StoragePath":"C:\\Users\\makhkets\\GolandProjects\\sso\\sso\\storage\\sso.db","TokenTTL":3600000000000}}}
{"timestamp":"14:23:23.453","level":"INFO","message":"gRPC server is running ","data":{"addr":"[::]:44044"}}
{"timestamp":"14:43:43.445","level":"INFO","message":"stopping application ","data":{"signal":"interrupt"}}
{"timestamp":"14:43:43.446","level":"INFO","message":"stopping gRPC server ","data":{"op":"grpcapp.Stop","port":44044}}
{"timestamp":"14:43:43.451","level":"INFO","message":"application stopped \n","data":{}}
